<?xml version="1.0" encoding="UTF-8"?>
<testng-results skipped="0" failed="0" total="1" passed="1">
  <reporter-output>
  </reporter-output>
  <suite name="Default suite" duration-ms="81005" started-at="2016-11-22T14:11:37Z" finished-at="2016-11-22T14:12:58Z">
    <groups>
    </groups>
    <test name="Default test" duration-ms="81005" started-at="2016-11-22T14:11:37Z" finished-at="2016-11-22T14:12:58Z">
      <class name="beechtreetest.BeechTreeTestSuite">
        <test-method status="PASS" signature="beforeTest()[pri:0, instance:beechtreetest.BeechTreeTestSuite@3159c4b8]" name="beforeTest" is-config="true" duration-ms="1598" started-at="2016-11-22T19:11:37Z" finished-at="2016-11-22T19:11:39Z">
          <reporter-output>
          </reporter-output>
        </test-method> <!-- beforeTest -->
        <test-method status="PASS" signature="BeechTree()[pri:0, instance:beechtreetest.BeechTreeTestSuite@3159c4b8]" name="BeechTree" duration-ms="79291" started-at="2016-11-22T19:11:39Z" finished-at="2016-11-22T19:12:58Z">
          <reporter-output>
          </reporter-output>
        </test-method> <!-- BeechTree -->
        <test-method status="PASS" signature="afterTest()[pri:0, instance:beechtreetest.BeechTreeTestSuite@3159c4b8]" name="afterTest" is-config="true" duration-ms="104" started-at="2016-11-22T19:12:58Z" finished-at="2016-11-22T19:12:58Z">
          <reporter-output>
          </reporter-output>
        </test-method> <!-- afterTest -->
      </class> <!-- beechtreetest.BeechTreeTestSuite -->
    </test> <!-- Default test -->
  </suite> <!-- Default suite -->
</testng-results>
